<?xml version="1.0" encoding="UTF-8"?>
<testsuite name="se.iths.persistency.dao.ArtistDAOTest" tests="5" skipped="5" failures="0" errors="0" timestamp="2023-01-16T02:36:38" hostname="301308.local" time="0.002">
  <properties/>
  <testcase name="shouldFindArtistById()" classname="se.iths.persistency.dao.ArtistDAOTest" time="0.001">
    <skipped/>
  </testcase>
  <testcase name="shouldFindAllArtists()" classname="se.iths.persistency.dao.ArtistDAOTest" time="0.0">
    <skipped/>
  </testcase>
  <testcase name="shouldCreateArtist()" classname="se.iths.persistency.dao.ArtistDAOTest" time="0.0">
    <skipped/>
  </testcase>
  <testcase name="shouldUpdateArtist()" classname="se.iths.persistency.dao.ArtistDAOTest" time="0.0">
    <skipped/>
  </testcase>
  <testcase name="shouldDeleteArtist()" classname="se.iths.persistency.dao.ArtistDAOTest" time="0.0">
    <skipped/>
  </testcase>
  <system-out><![CDATA[]]></system-out>
  <system-err><![CDATA[]]></system-err>
</testsuite>
